<?xml version="1.0" encoding="UTF-8"?>
<!-- Generated by org.testng.reporters.JUnitXMLReporter -->
<testsuite ignored="2" hostname="DESKTOP-7N9D6N5" failures="0" tests="2" name="GRP-smoke testing,sanity testing" time="0.145" errors="0" timestamp="2022-12-17T18:43:00 IST">
  <testcase classname="tutorial2.demo1" name="home" time="0.013"/>
  <testcase classname="tutorial2.demo1" name="serach" time="0.002"/>
  <testcase classname="tutorial2.demo1" name="login" time="0.0">
    <ignored/>
  </testcase> <!-- login -->
  <testcase classname="tutorial2.demo1" name="admin" time="0.0">
    <ignored/>
  </testcase> <!-- admin -->
</testsuite> <!-- GRP-smoke testing,sanity testing -->
