<?xml version="1.0" encoding="UTF-8"?>
<!-- Generated by org.testng.reporters.JUnitXMLReporter -->
<testsuite ignored="3" hostname="DESKTOP-7N9D6N5" failures="0" tests="1" name="GRP-smoke testing" time="0.12" errors="0" timestamp="2022-12-17T18:42:38 IST">
  <testcase classname="tutorial2.demo1" name="home" time="0.015"/>
  <testcase classname="tutorial2.demo1" name="login" time="0.0">
    <ignored/>
  </testcase> <!-- login -->
  <testcase classname="tutorial2.demo1" name="admin" time="0.0">
    <ignored/>
  </testcase> <!-- admin -->
  <testcase classname="tutorial2.demo1" name="serach" time="0.0">
    <ignored/>
  </testcase> <!-- serach -->
</testsuite> <!-- GRP-smoke testing -->
