<?xml version="1.0" encoding="UTF-8"?>
<!-- Generated by org.testng.reporters.JUnitXMLReporter -->
<testsuite ignored="0" hostname="DESKTOP-7N9D6N5" failures="0" tests="5" name="chrome Test" time="24.47" errors="0" timestamp="2023-01-14T17:00:24 IST">
  <testcase classname="parallelTesting.demo2" name="abc" time="13.144"/>
  <testcase classname="parallelTesting.demo2" name="validateFunctionanlity" time="1.136"/>
  <testcase classname="parallelTesting.demo2" name="validateTitle" time="0.075"/>
  <testcase classname="parallelTesting.demo2" name="validateUrl" time="0.025"/>
  <testcase classname="parallelTesting.demo2" name="contactLink" time="8.494"/>
</testsuite> <!-- chrome Test -->
