<?xml version="1.0" encoding="UTF-8"?>
<!-- Generated by org.testng.reporters.JUnitXMLReporter -->
<testsuite ignored="0" hostname="DESKTOP-7N9D6N5" failures="0" tests="5" name="edge Test" time="29.477" errors="0" timestamp="2023-01-14T17:00:29 IST">
  <testcase classname="parallelTesting.demo2" name="abc" time="13.473"/>
  <testcase classname="parallelTesting.demo2" name="validateFunctionanlity" time="0.86"/>
  <testcase classname="parallelTesting.demo2" name="validateTitle" time="0.032"/>
  <testcase classname="parallelTesting.demo2" name="validateUrl" time="0.017"/>
  <testcase classname="parallelTesting.demo2" name="contactLink" time="14.655"/>
</testsuite> <!-- edge Test -->
