<?xml version="1.0" encoding="UTF-8"?>
<!-- Generated by org.testng.reporters.JUnitXMLReporter -->
<testsuite ignored="7" hostname="DESKTOP-7N9D6N5" failures="0" tests="5" name="MIx Testing" time="0.133" errors="0" timestamp="2022-12-17T19:14:54 IST">
  <testcase classname="tutorial3.demo2" name="home" time="0.028"/>
  <testcase classname="tutorial3.demo2" name="login" time="0.003"/>
  <testcase classname="tutorial3.demo3" name="login" time="0.002"/>
  <testcase classname="tutorial3.demo1" name="home" time="0.001"/>
  <testcase classname="tutorial3.demo1" name="serach" time="0.002"/>
  <testcase classname="tutorial3.demo3" name="serach" time="0.0">
    <ignored/>
  </testcase> <!-- serach -->
  <testcase classname="tutorial3.demo3" name="admin" time="0.0">
    <ignored/>
  </testcase> <!-- admin -->
  <testcase classname="tutorial3.demo3" name="home" time="0.0">
    <ignored/>
  </testcase> <!-- home -->
  <testcase classname="tutorial3.demo2" name="serach" time="0.0">
    <ignored/>
  </testcase> <!-- serach -->
  <testcase classname="tutorial3.demo2" name="admin" time="0.0">
    <ignored/>
  </testcase> <!-- admin -->
  <testcase classname="tutorial3.demo1" name="login" time="0.0">
    <ignored/>
  </testcase> <!-- login -->
  <testcase classname="tutorial3.demo1" name="admin" time="0.0">
    <ignored/>
  </testcase> <!-- admin -->
</testsuite> <!-- MIx Testing -->
