<?xml version="1.0" encoding="UTF-8"?>
<!-- Generated by org.testng.reporters.JUnitXMLReporter -->
<testsuite ignored="2" hostname="DESKTOP-7N9D6N5" failures="0" tests="5" name="group test" time="0.115" errors="0" timestamp="2022-12-17T18:32:08 IST">
  <testcase classname="tutorial2.demo2" name="up" time="0.01"/>
  <testcase classname="tutorial2.demo2" name="first" time="0.002"/>
  <testcase classname="tutorial2.demo2" name="abc" time="0.002"/>
  <testcase classname="tutorial2.demo2" name="xyz" time="0.002"/>
  <testcase classname="tutorial2.demo2" name="last" time="0.002"/>
  <testcase classname="tutorial2.demo2" name="down" time="0.0">
    <ignored/>
  </testcase> <!-- down -->
  <testcase classname="tutorial2.demo2" name="pqr" time="0.0">
    <ignored/>
  </testcase> <!-- pqr -->
</testsuite> <!-- group test -->
