<?xml version="1.0" encoding="UTF-8"?>
<!-- Generated by org.testng.reporters.JUnitXMLReporter -->
<testsuite ignored="1" hostname="DESKTOP-7N9D6N5" failures="0" tests="3" name="normal Test" time="0.121" errors="0" timestamp="2022-12-10T20:19:33 IST">
  <testcase classname="tutorial1.demo1" name="opm" time="0.012"/>
  <testcase classname="tutorial1.demo1" name="xyz" time="0.002"/>
  <testcase classname="tutorial1.demo1" name="abc" time="0.002"/>
  <testcase classname="tutorial1.demo1" name="pqr" time="0.0">
    <ignored/>
  </testcase> <!-- pqr -->
</testsuite> <!-- normal Test -->
